<?xml version="1.0" encoding="UTF-8"?>
<!-- Generated by org.testng.reporters.JUnitReportReporter -->
<testsuite skipped="0" hostname="DESKTOP-8D7L466" name="com.course.test.courseHomePageTest" tests="6" failures="0" timestamp="2020-08-26T18:47:20 IST" time="11.133" errors="0">
  <testcase name="HomePageValidationTest" time="0.665" classname="com.course.test.courseHomePageTest"/>
  <testcase name="logoVerificationTest" time="0.387" classname="com.course.test.courseHomePageTest"/>
  <testcase name="searchFieldSmokeTest" time="0.164" classname="com.course.test.courseHomePageTest"/>
  <testcase name="searchButtonSmokeTest" time="0.056" classname="com.course.test.courseHomePageTest"/>
  <testcase name="exploreButtonSmokeTest" time="0.055" classname="com.course.test.courseHomePageTest"/>
  <testcase name="navigateToSecondPageTest" time="9.806" classname="com.course.test.courseHomePageTest"/>
</testsuite> <!-- com.course.test.courseHomePageTest -->
